2025-12-31T09:22:35: 
2025-12-31T09:22:35: > act-main-website@1.0.0 dev
2025-12-31T09:22:35: > next dev
2025-12-31T09:22:35: 
2025-12-31T09:22:36:    ▲ Next.js 15.1.3
2025-12-31T09:22:36:    - Local:        http://localhost:3002
2025-12-31T09:22:36:    - Network:      http://192.168.0.113:3002
2025-12-31T09:22:36: 
2025-12-31T09:22:36:  ✓ Starting...
2025-12-31T09:22:40:  ✓ Ready in 3.8s
2025-12-31T09:22:45:  ○ Compiling / ...
2025-12-31T09:22:47:  ✓ Compiled / in 2.4s (601 modules)
2025-12-31T09:22:47:  ✓ Compiled in 395ms (298 modules)
2025-12-31T09:22:47:  GET / 200 in 3292ms
2025-12-31T13:27:31:  ✓ Compiled in 159ms (298 modules)
2025-12-31T13:27:31:  ✓ Compiled in 54ms (587 modules)
2025-12-31T13:28:47:  ✓ Compiled in 123ms (298 modules)
2025-12-31T13:28:56:  ✓ Compiled in 122ms (298 modules)
2025-12-31T13:29:10:  ✓ Compiled in 125ms (298 modules)
2025-12-31T13:30:06:  ✓ Compiled in 140ms (298 modules)
2026-01-01T05:41:37: [?25h
2026-01-01T05:41:37: 
2026-01-01T05:41:37: > act-main-website@1.0.0 dev
2026-01-01T05:41:37: > next dev
2026-01-01T05:41:37: 
2026-01-01T05:41:38:    ▲ Next.js 15.1.3
2026-01-01T05:41:38:    - Local:        http://localhost:3002
2026-01-01T05:41:38:    - Network:      http://192.168.0.113:3002
2026-01-01T05:41:38: 
2026-01-01T05:41:38:  ✓ Starting...
2026-01-01T05:41:41:  ✓ Ready in 3.7s
2026-01-01T06:16:36: [?25h
2026-01-01T06:16:36: 
2026-01-01T06:16:37: 
2026-01-01T06:16:37: > act-main-website@1.0.0 dev
2026-01-01T06:16:37: > next dev
2026-01-01T06:16:37: 
2026-01-01T06:16:40:    ▲ Next.js 15.1.3
2026-01-01T06:16:40:    - Local:        http://localhost:3002
2026-01-01T06:16:40:    - Network:      http://192.168.0.113:3002
2026-01-01T06:16:40: 
2026-01-01T06:16:40:  ✓ Starting...
2026-01-01T06:16:43:  ✓ Ready in 3.2s
2026-01-01T06:16:47:  ○ Compiling / ...
2026-01-01T06:16:48:  ✓ Compiled / in 1662ms (601 modules)
2026-01-01T06:16:48:  GET / 200 in 1944ms
2026-01-01T06:16:48:  ✓ Compiled in 129ms (298 modules)
2026-01-01T06:44:09: [?25h
2026-01-01T06:44:09: 
2026-01-01T06:44:12: 
2026-01-01T06:44:12: > act-main-website@1.0.0 dev
2026-01-01T06:44:12: > next dev
2026-01-01T06:44:12: 
2026-01-01T06:44:12:    ▲ Next.js 15.1.3
2026-01-01T06:44:12:    - Local:        http://localhost:3002
2026-01-01T06:44:12:    - Network:      http://192.168.0.113:3002
2026-01-01T06:44:12: 
2026-01-01T06:44:12:  ✓ Starting...
2026-01-01T06:44:16:  ✓ Ready in 4s
2026-01-01T06:44:20:  ○ Compiling / ...
2026-01-01T06:44:22:  ✓ Compiled / in 2.3s (601 modules)
2026-01-01T06:44:23:  GET / 200 in 2596ms
2026-01-01T06:44:23:  ✓ Compiled in 297ms (298 modules)
2026-01-01T21:10:27: [?25h
2026-01-01T21:10:27: 
2026-01-01T21:10:30: 
2026-01-01T21:10:30: > act-main-website@1.0.0 dev
2026-01-01T21:10:30: > next dev
2026-01-01T21:10:30: 
2026-01-01T21:10:36:    ▲ Next.js 15.1.3
2026-01-01T21:10:36:    - Local:        http://localhost:3002
2026-01-01T21:10:36:    - Network:      http://192.168.0.113:3002
2026-01-01T21:10:36: 
2026-01-01T21:10:36:  ✓ Starting...
2026-01-01T21:10:41:  ✓ Ready in 5.3s
2026-01-01T21:10:48:  ○ Compiling / ...
2026-01-01T21:10:50:  ✓ Compiled / in 2.5s (601 modules)
2026-01-01T21:10:50:  ✓ Compiled in 696ms (298 modules)
2026-01-01T21:10:50:  GET / 200 in 3241ms
