2025-12-31T09:22:35: 
2025-12-31T09:22:35: > act-farm@0.1.0 dev
2025-12-31T09:22:35: > next dev
2025-12-31T09:22:35: 
2025-12-31T09:22:36: ▲ Next.js 16.1.1 (Turbopack)
2025-12-31T09:22:36: - Local:         http://localhost:3005
2025-12-31T09:22:36: - Network:       http://192.168.0.113:3005
2025-12-31T09:22:36: - Environments: .env.local
2025-12-31T09:22:36: 
2025-12-31T09:22:36: ✓ Starting...
2025-12-31T09:22:36: ✓ Ready in 687ms
2025-12-31T09:22:45:  GET / 200 in 845ms (compile: 587ms, render: 259ms)
2025-12-31T09:31:47:  GET / 200 in 333ms (compile: 16ms, render: 317ms)
2026-01-01T05:41:37: [?25h
2026-01-01T05:41:37: 
2026-01-01T05:41:37: 
2026-01-01T05:41:37: > act-farm@0.1.0 dev
2026-01-01T05:41:37: > next dev
2026-01-01T05:41:37: 
2026-01-01T05:41:38: ▲ Next.js 16.1.1 (Turbopack)
2026-01-01T05:41:38: - Local:         http://localhost:3005
2026-01-01T05:41:38: - Network:       http://192.168.0.113:3005
2026-01-01T05:41:38: - Environments: .env.local
2026-01-01T05:41:38: 
2026-01-01T05:41:38: ✓ Starting...
2026-01-01T05:41:38: ✓ Ready in 499ms
2026-01-01T06:16:36: [?25h
2026-01-01T06:16:36: 
2026-01-01T06:16:37: 
2026-01-01T06:16:37: > act-farm@0.1.0 dev
2026-01-01T06:16:37: > next dev
2026-01-01T06:16:37: 
2026-01-01T06:16:40: ▲ Next.js 16.1.1 (Turbopack)
2026-01-01T06:16:40: - Local:         http://localhost:3005
2026-01-01T06:16:40: - Network:       http://192.168.0.113:3005
2026-01-01T06:16:40: - Environments: .env.local
2026-01-01T06:16:40: 
2026-01-01T06:16:40: ✓ Starting...
2026-01-01T06:16:40: ✓ Ready in 530ms
2026-01-01T06:16:47:  GET / 200 in 776ms (compile: 622ms, render: 154ms)
2026-01-01T06:44:11: [?25h
2026-01-01T06:44:11: 
2026-01-01T06:44:12: 
2026-01-01T06:44:12: > act-farm@0.1.0 dev
2026-01-01T06:44:12: > next dev
2026-01-01T06:44:12: 
2026-01-01T06:44:12: ▲ Next.js 16.1.1 (Turbopack)
2026-01-01T06:44:12: - Local:         http://localhost:3005
2026-01-01T06:44:12: - Network:       http://192.168.0.113:3005
2026-01-01T06:44:12: - Environments: .env.local
2026-01-01T06:44:12: 
2026-01-01T06:44:12: ✓ Starting...
2026-01-01T06:44:13: ✓ Ready in 576ms
2026-01-01T06:44:13:  GET / 200 in 397ms (compile: 298ms, render: 100ms)
2026-01-01T06:44:20:  GET / 200 in 64ms (compile: 9ms, render: 56ms)
2026-01-01T08:02:56: 
2026-01-01T08:02:56: > act-farm@0.1.0 dev
2026-01-01T08:02:56: > next dev
2026-01-01T08:02:56: 
2026-01-01T08:02:57: ▲ Next.js 16.1.1 (Turbopack)
2026-01-01T08:02:57: - Local:         http://localhost:3005
2026-01-01T08:02:57: - Network:       http://192.168.0.113:3005
2026-01-01T08:02:57: - Environments: .env.local
2026-01-01T08:02:57: 
2026-01-01T08:02:57: ✓ Starting...
2026-01-01T08:02:58: ✓ Ready in 1129ms
2026-01-01T08:02:59:  GET / 200 in 1062ms (compile: 898ms, render: 164ms)
2026-01-01T09:55:18: 
2026-01-01T09:55:18: > act-farm@0.1.0 dev
2026-01-01T09:55:18: > next dev
2026-01-01T09:55:18: 
2026-01-01T09:55:19: ▲ Next.js 16.1.1 (Turbopack)
2026-01-01T09:55:19: - Local:         http://localhost:3005
2026-01-01T09:55:19: - Network:       http://192.168.0.113:3005
2026-01-01T09:55:19: - Environments: .env.local
2026-01-01T09:55:19: 
2026-01-01T09:55:19: ✓ Starting...
2026-01-01T09:55:19: ✓ Ready in 621ms
2026-01-01T09:55:20:  GET / 200 in 489ms (compile: 359ms, render: 129ms)
2026-01-01T10:50:20: 
2026-01-01T10:50:20: > act-farm@0.1.0 dev
2026-01-01T10:50:20: > next dev
2026-01-01T10:50:20: 
2026-01-01T10:50:21: ▲ Next.js 16.1.1 (Turbopack)
2026-01-01T10:50:21: - Local:         http://localhost:3005
2026-01-01T10:50:21: - Network:       http://192.168.0.113:3005
2026-01-01T10:50:21: - Environments: .env.local
2026-01-01T10:50:21: 
2026-01-01T10:50:21: ✓ Starting...
2026-01-01T10:50:21: ✓ Ready in 741ms
2026-01-01T10:50:22:  GET / 200 in 419ms (compile: 309ms, render: 110ms)
2026-01-01T12:53:23: 
2026-01-01T12:53:23: > act-farm@0.1.0 dev
2026-01-01T12:53:23: > next dev
2026-01-01T12:53:23: 
2026-01-01T12:53:24: ▲ Next.js 16.1.1 (Turbopack)
2026-01-01T12:53:24: - Local:         http://localhost:3005
2026-01-01T12:53:24: - Network:       http://192.168.0.113:3005
2026-01-01T12:53:24: - Environments: .env.local
2026-01-01T12:53:24: 
2026-01-01T12:53:24: ✓ Starting...
2026-01-01T12:53:24: ✓ Ready in 713ms
2026-01-01T12:53:25:  GET / 200 in 859ms (compile: 753ms, render: 106ms)
2026-01-01T13:46:42: 
2026-01-01T13:46:42: > act-farm@0.1.0 dev
2026-01-01T13:46:42: > next dev
2026-01-01T13:46:42: 
2026-01-01T13:46:42: ▲ Next.js 16.1.1 (Turbopack)
2026-01-01T13:46:42: - Local:         http://localhost:3005
2026-01-01T13:46:42: - Network:       http://192.168.0.113:3005
2026-01-01T13:46:42: - Environments: .env.local
2026-01-01T13:46:42: 
2026-01-01T13:46:42: ✓ Starting...
2026-01-01T13:46:43: ✓ Ready in 739ms
2026-01-01T13:46:44:  GET / 200 in 506ms (compile: 396ms, render: 110ms)
2026-01-01T21:10:28: [?25h
2026-01-01T21:10:28: 
2026-01-01T21:10:30: 
2026-01-01T21:10:30: > act-farm@0.1.0 dev
2026-01-01T21:10:30: > next dev
2026-01-01T21:10:30: 
2026-01-01T21:10:36: ▲ Next.js 16.1.1 (Turbopack)
2026-01-01T21:10:36: - Local:         http://localhost:3005
2026-01-01T21:10:36: - Network:       http://192.168.0.113:3005
2026-01-01T21:10:36: - Environments: .env.local
2026-01-01T21:10:36: 
2026-01-01T21:10:36: ✓ Starting...
2026-01-01T21:10:37: ✓ Ready in 1821ms
2026-01-01T21:10:48:  GET / 200 in 1308ms (compile: 1100ms, render: 208ms)
